{"target": 0.6810483006083332, "params": {"batch_size": 144.58056411850032, "n_topics": 9.77034784992811, "survival_loss_weight": 3.643673167505531}, "datetime": {"datetime": "2020-05-14 19:18:52", "elapsed": 0.0, "delta": 0.0}}
{"target": 0.684652168855979, "params": {"batch_size": 380.6560634455598, "n_topics": 7.368446244331729, "survival_loss_weight": 3.9980230083002692}, "datetime": {"datetime": "2020-05-14 19:19:15", "elapsed": 23.358337, "delta": 23.358337}}
{"target": 0.6645930921208164, "params": {"batch_size": 672.3973596722261, "n_topics": 4.731396464693497, "survival_loss_weight": 3.5301550563650457}, "datetime": {"datetime": "2020-05-14 19:19:34", "elapsed": 41.672615, "delta": 18.314278}}
{"target": 0.6293409051158968, "params": {"batch_size": 276.6761867204448, "n_topics": 3.303931881681661, "survival_loss_weight": 0.12005677072680465}, "datetime": {"datetime": "2020-05-14 19:19:58", "elapsed": 66.227296, "delta": 24.554681}}
{"target": 0.6767541773012125, "params": {"batch_size": 129.93614721002004, "n_topics": 3.7039279182515954, "survival_loss_weight": 3.2042783890521287}, "datetime": {"datetime": "2020-05-14 19:20:27", "elapsed": 94.922368, "delta": 28.695072}}
